<?xml version="1.0" encoding="UTF-8" standalone="no"?>
<testsuite errors="0" failures="0" name="io.cucumber.core.plugin.JUnitFormatter" skipped="0" tests="4" time="27.675">
    <testcase classname="Login Scenarios" name="MoodleDemo sandbox Login with diff credentials" time="11.796">
        <system-out>
            <![CDATA[Given "https://sandbox.moodledemo.net/" sitesini aÃ§.........................passed
When Login linkine tÄ±kla....................................................passed
Then GiriÅŸ sayfasÄ±nda olduÄŸunu doÄŸrula......................................passed
And "admin" username gir....................................................passed
And "sandbox" password gir..................................................passed
Then Login butonuna tÄ±kla...................................................passed
Then "Welcome back, Sam! ðŸ‘‹" title'Ä±n gÃ¶rÃ¼ldÃ¼ÄŸÃ¼nÃ¼ doÄŸrula...................passed
]]>
        </system-out>
    </testcase>
    <testcase classname="Login Scenarios" name="MoodleDemo sandbox Login with diff credentials 2" time="6.985">
        <system-out>
            <![CDATA[Given "https://sandbox.moodledemo.net/" sitesini aÃ§.........................passed
When Login linkine tÄ±kla....................................................passed
Then GiriÅŸ sayfasÄ±nda olduÄŸunu doÄŸrula......................................passed
And "manager" username gir..................................................passed
And "sandbox" password gir..................................................passed
Then Login butonuna tÄ±kla...................................................passed
Then "Welcome back, Max! ðŸ‘‹" title'Ä±n gÃ¶rÃ¼ldÃ¼ÄŸÃ¼nÃ¼ doÄŸrula...................passed
]]>
        </system-out>
    </testcase>
    <testcase classname="Login Scenarios" name="MoodleDemo sandbox Login with diff credentials 3" time="4.339">
        <system-out>
            <![CDATA[Given "https://sandbox.moodledemo.net/" sitesini aÃ§.........................passed
When Login linkine tÄ±kla....................................................passed
Then GiriÅŸ sayfasÄ±nda olduÄŸunu doÄŸrula......................................passed
And "teacher" username gir..................................................passed
And "sandbox" password gir..................................................passed
Then Login butonuna tÄ±kla...................................................passed
Then "Welcome back, Terri! ðŸ‘‹" title'Ä±n gÃ¶rÃ¼ldÃ¼ÄŸÃ¼nÃ¼ doÄŸrula.................passed
]]>
        </system-out>
    </testcase>
    <testcase classname="Login Scenarios" name="MoodleDemo sandbox Login with diff credentials 4" time="4.355">
        <system-out>
            <![CDATA[Given "https://sandbox.moodledemo.net/" sitesini aÃ§.........................passed
When Login linkine tÄ±kla....................................................passed
Then GiriÅŸ sayfasÄ±nda olduÄŸunu doÄŸrula......................................passed
And "student" username gir..................................................passed
And "sandbox" password gir..................................................passed
Then Login butonuna tÄ±kla...................................................passed
Then "Welcome back, Sam! ðŸ‘‹" title'Ä±n gÃ¶rÃ¼ldÃ¼ÄŸÃ¼nÃ¼ doÄŸrula...................passed
]]>
        </system-out>
    </testcase>
</testsuite>
